Assembler report for DE1_SOC_D8M_LB_RTL
Fri May 27 22:26:05 2022
Quartus Prime Version 20.1.0 Build 711 06/05/2020 SJ Standard Edition


---------------------
; Table of Contents ;
---------------------
  1. Legal Notice
  2. Assembler Summary
  3. Assembler Settings
  4. Assembler Generated Files
  5. Assembler Device Options: C:/Users/Dan/Desktop/Senior Design Project/DE1_SOC_D8M_LB_RTL/output_files/DE1_SOC_D8M_LB_RTL.sof
  6. Assembler Messages



----------------
; Legal Notice ;
----------------
Copyright (C) 2020  Intel Corporation. All rights reserved.
Your use of Intel Corporation's design tools, logic functions 
and other software and tools, and any partner logic 
functions, and any output files from any of the foregoing 
(including device programming or simulation files), and any 
associated documentation or information are expressly subject 
to the terms and conditions of the Intel Program License 
Subscription Agreement, the Intel Quartus Prime License Agreement,
the Intel FPGA IP License Agreement, or other applicable license
agreement, including, without limitation, that your use is for
the sole purpose of programming logic devices manufactured by
Intel and sold by Intel or its authorized distributors.  Please
refer to the applicable agreement for further details, at
https://fpgasoftware.intel.com/eula.



+---------------------------------------------------------------+
; Assembler Summary                                             ;
+-----------------------+---------------------------------------+
; Assembler Status      ; Successful - Fri May 27 22:26:05 2022 ;
; Revision Name         ; DE1_SOC_D8M_LB_RTL                    ;
; Top-level Entity Name ; DE1_SOC_D8M_LB_RTL                    ;
; Family                ; Cyclone V                             ;
; Device                ; 5CSEMA5F31C6                          ;
+-----------------------+---------------------------------------+


+----------------------------------+
; Assembler Settings               ;
+--------+---------+---------------+
; Option ; Setting ; Default Value ;
+--------+---------+---------------+


+---------------------------------------------------------------------------------------------------+
; Assembler Generated Files                                                                         ;
+---------------------------------------------------------------------------------------------------+
; File Name                                                                                         ;
+---------------------------------------------------------------------------------------------------+
; C:/Users/Dan/Desktop/Senior Design Project/DE1_SOC_D8M_LB_RTL/output_files/DE1_SOC_D8M_LB_RTL.sof ;
+---------------------------------------------------------------------------------------------------+


+-----------------------------------------------------------------------------------------------------------------------------+
; Assembler Device Options: C:/Users/Dan/Desktop/Senior Design Project/DE1_SOC_D8M_LB_RTL/output_files/DE1_SOC_D8M_LB_RTL.sof ;
+----------------+------------------------------------------------------------------------------------------------------------+
; Option         ; Setting                                                                                                    ;
+----------------+------------------------------------------------------------------------------------------------------------+
; JTAG usercode  ; 0x0663E312                                                                                                 ;
; Checksum       ; 0x0663E312                                                                                                 ;
+----------------+------------------------------------------------------------------------------------------------------------+


+--------------------+
; Assembler Messages ;
+--------------------+
Info: *******************************************************************
Info: Running Quartus Prime Assembler
    Info: Version 20.1.0 Build 711 06/05/2020 SJ Standard Edition
    Info: Processing started: Fri May 27 22:25:42 2022
Info: Command: quartus_asm --read_settings_files=off --write_settings_files=off DE1_SOC_D8M_LB_RTL -c DE1_SOC_D8M_LB_RTL
Warning (125092): Tcl Script File V/vga_pll/vga_pll_0002.qip not found
    Info (125063): set_global_assignment -name QIP_FILE V/vga_pll/vga_pll_0002.qip
Warning (18236): Number of processors has not been specified which may cause overloading on shared machines.  Set the global assignment NUM_PARALLEL_PROCESSORS in your QSF to an appropriate value for best performance.
Info (115030): Assembler is generating device programming files
Info: Quartus Prime Assembler was successful. 0 errors, 2 warnings
    Info: Peak virtual memory: 5139 megabytes
    Info: Processing ended: Fri May 27 22:26:06 2022
    Info: Elapsed time: 00:00:24
    Info: Total CPU time (on all processors): 00:00:22


